Added Component: Designator=C1(pad_type3)
Added Component: Designator=F1(pad_type2)
Added Component: Designator=F2(pad_type2)
Added Component: Designator=F3(pad_type2)
Added Component: Designator=P1(pad_type1)
Added Component: Designator=P2(pad_type1)
Added Component: Designator=P3(pad_type1)
Added Component: Designator=P4(pad_type1)
Added Component: Designator=P5(pad_type1)
Added Component: Designator=P6(pad_type1)
Added Component: Designator=P7(pad_type1)
Added Component: Designator=P8(pad_type1)
Added Component: Designator=P9(pad_type1)
Added Component: Designator=P10(pad_type1)
Added Component: Designator=P11(pad_type1)
Added Component: Designator=P12(pad_type1)
Added Component: Designator=P13(pad_type1)
Added Component: Designator=P14(pad_type1)
Added Component: Designator=P15(pad_type1)
Added Component: Designator=P16(pad_type1)
Added Component: Designator=P17(pad_type1)
Added Component: Designator=P18(pad_type1)
Added Component: Designator=P19(pad_type1)
Added Component: Designator=P20(pad_type1)
Added Component: Designator=T1(tr_all)
Added Pin To Net: NetName=GND Pin=F1-1
Added Pin To Net: NetName=GND Pin=F2-1
Added Pin To Net: NetName=GND Pin=F3-1
Added Pin To Net: NetName=GND Pin=P1-1
Added Pin To Net: NetName=GND Pin=P2-1
Added Pin To Net: NetName=GND Pin=P3-1
Added Pin To Net: NetName=GND Pin=P4-1
Added Pin To Net: NetName=GND Pin=P5-1
Added Pin To Net: NetName=GND Pin=P6-1
Added Pin To Net: NetName=GND Pin=P7-1
Added Pin To Net: NetName=GND Pin=P8-1
Added Pin To Net: NetName=GND Pin=P9-1
Added Pin To Net: NetName=GND Pin=P10-1
Added Pin To Net: NetName=GND Pin=P11-1
Added Pin To Net: NetName=GND Pin=P12-1
Added Pin To Net: NetName=GND Pin=P13-1
Added Pin To Net: NetName=GND Pin=P14-1
Added Pin To Net: NetName=GND Pin=P15-1
Added Pin To Net: NetName=GND Pin=P16-1
Added Pin To Net: NetName=GND Pin=P17-1
Added Pin To Net: NetName=GND Pin=P18-1
Added Pin To Net: NetName=GND Pin=P19-1
Added Pin To Net: NetName=GND Pin=P20-1
Added Net: Name=GND
Added Pin To Net: NetName=NetC1_1 Pin=C1-1
Added Net: Name=NetC1_1
Added Pin To Net: NetName=NetI1_1 Pin=T1-2
Added Net: Name=NetI1_1
Added Class: Name=transformer
Added Room: Name=transformer
